<?xml version="1.0" encoding="UTF-8"?>
<testsuite name="Crear evento" tests="1" skipped="1" failures="0" errors="0" timestamp="2020-11-03T01:26:19" hostname="ip-192-168-1-51.us-east-2.compute.internal" time="2.174">
  <properties/>
  <testcase name="Crear Evento de X cosa" classname="Crear evento" time="2.174">
    <skipped/>
  </testcase>
  <system-out><![CDATA[Vamos a Crear un Empleado
{
    "status": "success",
    "data": {
        "id": 2804
    },
    "message": "Successfully! Record has been added."
}
]]></system-out>
  <system-err><![CDATA[]]></system-err>
</testsuite>
