<?xml version="1.0" encoding="UTF-8"?>
<testsuite name="RunnerTestSuite" tests="0" skipped="0" failures="0" errors="0" timestamp="1970-01-01T00:00:00" hostname="ip-192-168-1-51.us-east-2.compute.internal" time="0.0">
  <properties/>
  <system-out><![CDATA[14:07:02.277 [Test worker] INFO  i.c.core.plugin.SerenityReporter - Running feature from file:///Users/david.pena/Documents/Github/RestAPITesting/src/test/resources/features/create/CreateItem.feature
14:07:02.502 [Test worker] INFO   - ?[96m

-------------------------------------------------------------------------------------
     _______. _______ .______       _______ .__   __.  __  .___________.____    ____ 
    /       ||   ____||   _  \     |   ____||  \ |  | |  | |           |\   \  /   / 
   |   (----`|  |__   |  |_)  |    |  |__   |   \|  | |  | `---|  |----` \   \/   /  
    \   \    |   __|  |      /     |   __|  |  . `  | |  |     |  |       \_    _/   
.----)   |   |  |____ |  |\  \----.|  |____ |  |\   | |  |     |  |         |  |     
|_______/    |_______|| _| `._____||_______||__| \__| |__|     |__|         |__|    
                                                                                     
 News and tutorials at http://www.serenity-bdd.info                                  
 Documentation at https://wakaleo.gitbooks.io/the-serenity-book/content/             
 Join the Serenity Community on Gitter: https://gitter.im/serenity-bdd/serenity-core 
 Serenity BDD Support and Training at http://serenity-bdd.info/#/trainingandsupport  
-------------------------------------------------------------------------------------
?[0m
14:07:02.505 [Test worker] INFO   - Test Suite Started: Crear evento
14:07:02.522 [Test worker] INFO  i.c.core.plugin.SerenityReporter - Running feature from file:///Users/david.pena/Documents/Github/RestAPITesting/src/test/resources/features/get/GetItems.feature
14:07:02.525 [Test worker] INFO   - Test Suite Started: Consulta de eventos

2 Scenarios (?[32m2 passed?[0m)
6 Steps (?[32m6 passed?[0m)
0m2,977s


]]></system-out>
  <system-err><![CDATA[]]></system-err>
</testsuite>
